TN:
SF:src\modules\repos\services\CreateReposService.ts
FN:6,(anonymous_17)
FN:7,CreateReposService
FN:12,(anonymous_19)
FNF:3
FNH:3
FNDA:3,(anonymous_17)
FNDA:3,CreateReposService
FNDA:3,(anonymous_19)
DA:1,3
DA:6,3
DA:9,3
DA:12,3
DA:13,3
DA:15,3
DA:17,3
LF:7
LH:7
BRDA:13,0,0,3
BRF:1
BRH:1
end_of_record
TN:
SF:src\modules\repos\services\DeleteRepoService.ts
FN:5,(anonymous_17)
FN:6,DeleteRepoService
FN:10,(anonymous_19)
FNF:3
FNH:3
FNDA:1,(anonymous_17)
FNDA:1,DeleteRepoService
FNDA:1,(anonymous_19)
DA:1,1
DA:5,1
DA:8,1
DA:10,1
DA:11,2
DA:13,1
LF:6
LH:6
BRDA:11,0,0,1
BRF:1
BRH:1
end_of_record
TN:
SF:src\modules\repos\services\ListUserReposService.ts
FN:6,(anonymous_17)
FN:7,ListUsersReposService
FN:11,(anonymous_19)
FNF:3
FNH:3
FNDA:1,(anonymous_17)
FNDA:1,ListUsersReposService
FNDA:1,(anonymous_19)
DA:1,1
DA:6,1
DA:9,1
DA:11,1
DA:12,1
DA:14,1
DA:16,1
LF:7
LH:7
BRDA:12,0,0,1
BRF:1
BRH:1
end_of_record
TN:
SF:src\modules\users\services\AuthenticateUserService.ts
FN:22,(anonymous_19)
FN:23,AuthenticateUserService
FN:30,(anonymous_21)
FNF:3
FNH:3
FNDA:1,(anonymous_19)
FNDA:3,AuthenticateUserService
FNDA:3,(anonymous_21)
DA:1,1
DA:2,1
DA:4,1
DA:9,1
DA:22,1
DA:25,3
DA:27,3
DA:30,3
DA:31,3
DA:33,3
DA:34,1
DA:37,2
DA:42,2
DA:43,1
DA:46,1
DA:48,1
DA:53,1
DA:55,1
DA:57,1
LF:19
LH:19
BRDA:31,0,0,3
BRDA:33,1,0,1
BRDA:33,1,1,2
BRDA:42,2,0,1
BRDA:42,2,1,1
BRF:5
BRH:5
end_of_record
TN:
SF:src\modules\users\services\CreateUserService.ts
FN:9,(anonymous_19)
FN:10,CreateUserService
FN:17,(anonymous_21)
FNF:3
FNH:3
FNDA:4,(anonymous_19)
FNDA:5,CreateUserService
FNDA:6,(anonymous_21)
DA:1,4
DA:2,4
DA:9,4
DA:12,5
DA:15,5
DA:17,6
DA:18,6
DA:20,6
DA:21,1
DA:24,5
DA:26,5
DA:29,5
DA:30,5
DA:32,4
LF:14
LH:14
BRDA:18,0,0,6
BRDA:18,0,1,5
BRDA:20,1,0,1
BRDA:20,1,1,5
BRF:4
BRH:4
end_of_record
