TN:
SF:src\modules\users\services\AuthenticateUserService.ts
FN:16,(anonymous_17)
FN:17,AuthenticateUserService
FN:22,(anonymous_19)
FNF:3
FNH:3
FNDA:1,(anonymous_17)
FNDA:1,AuthenticateUserService
FNDA:1,(anonymous_19)
DA:1,1
DA:16,1
DA:19,1
DA:22,1
DA:23,1
DA:25,1
LF:6
LH:6
BRDA:23,0,0,1
BRF:1
BRH:1
end_of_record
TN:
SF:src\modules\users\services\CreateUserService.ts
FN:9,(anonymous_18)
FN:10,CreateUserService
FN:17,(anonymous_20)
FNF:3
FNH:3
FNDA:1,(anonymous_18)
FNDA:2,CreateUserService
FNDA:3,(anonymous_20)
DA:1,1
DA:2,1
DA:9,1
DA:12,2
DA:15,2
DA:17,3
DA:18,3
DA:20,3
DA:21,1
DA:24,2
DA:26,2
DA:28,2
DA:30,1
LF:13
LH:13
BRDA:18,0,0,3
BRDA:18,0,1,2
BRDA:20,1,0,1
BRDA:20,1,1,2
BRF:4
BRH:4
end_of_record
